[0.004s] Invoking command in '/home/abdirazak/Robotics/ros2_ws/build/object_detection_node': CMAKE_PREFIX_PATH=/opt/ros/humble /usr/bin/cmake /home/abdirazak/Robotics/ros2_ws/src/object_detection_node -DAMENT_CMAKE_SYMLINK_INSTALL=1 -DCMAKE_INSTALL_PREFIX=/home/abdirazak/Robotics/ros2_ws/install/object_detection_node
[0.031s] -- The C compiler identification is GNU 11.4.0
[0.054s] -- The CXX compiler identification is GNU 11.4.0
[0.057s] -- Detecting C compiler ABI info
[0.081s] -- Detecting C compiler ABI info - done
[0.084s] -- Check for working C compiler: /usr/bin/cc - skipped
[0.084s] -- Detecting C compile features
[0.085s] -- Detecting C compile features - done
[0.086s] -- Detecting CXX compiler ABI info
[0.117s] -- Detecting CXX compiler ABI info - done
[0.120s] -- Check for working CXX compiler: /usr/bin/c++ - skipped
[0.120s] -- Detecting CXX compile features
[0.120s] -- Detecting CXX compile features - done
[0.121s] -- Found ament_cmake: 1.3.14 (/opt/ros/humble/share/ament_cmake/cmake)
[0.179s] -- Found Python3: /usr/bin/python3 (found version "3.10.12") found components: Interpreter 
[0.203s] -- Override CMake install command with custom implementation using symlinks instead of copying resources
[0.211s] -- Found ament_lint_auto: 0.12.15 (/opt/ros/humble/share/ament_lint_auto/cmake)
[0.240s] -- Added test 'lint_cmake' to check CMake code style
[0.240s] -- Added test 'xmllint' to check XML markup files
[0.240s] -- Configuring done
[0.241s] -- Generating done
[0.242s] -- Build files have been written to: /home/abdirazak/Robotics/ros2_ws/build/object_detection_node
[0.244s] Invoked command in '/home/abdirazak/Robotics/ros2_ws/build/object_detection_node' returned '0': CMAKE_PREFIX_PATH=/opt/ros/humble /usr/bin/cmake /home/abdirazak/Robotics/ros2_ws/src/object_detection_node -DAMENT_CMAKE_SYMLINK_INSTALL=1 -DCMAKE_INSTALL_PREFIX=/home/abdirazak/Robotics/ros2_ws/install/object_detection_node
[0.245s] Invoking command in '/home/abdirazak/Robotics/ros2_ws/build/object_detection_node': CMAKE_PREFIX_PATH=/opt/ros/humble /usr/bin/cmake --build /home/abdirazak/Robotics/ros2_ws/build/object_detection_node -- -j4 -l4
[0.257s] Invoked command in '/home/abdirazak/Robotics/ros2_ws/build/object_detection_node' returned '0': CMAKE_PREFIX_PATH=/opt/ros/humble /usr/bin/cmake --build /home/abdirazak/Robotics/ros2_ws/build/object_detection_node -- -j4 -l4
[0.260s] Invoking command in '/home/abdirazak/Robotics/ros2_ws/build/object_detection_node': CMAKE_PREFIX_PATH=/opt/ros/humble /usr/bin/cmake --install /home/abdirazak/Robotics/ros2_ws/build/object_detection_node
[0.262s] -- Install configuration: ""
[0.262s] -- Execute custom install script
[0.262s] -- Symlinking: /home/abdirazak/Robotics/ros2_ws/install/object_detection_node/share/ament_index/resource_index/package_run_dependencies/object_detection_node
[0.265s] -- Symlinking: /home/abdirazak/Robotics/ros2_ws/install/object_detection_node/share/ament_index/resource_index/parent_prefix_path/object_detection_node
[0.267s] -- Symlinking: /home/abdirazak/Robotics/ros2_ws/install/object_detection_node/share/object_detection_node/environment/ament_prefix_path.sh
[0.269s] -- Symlinking: /home/abdirazak/Robotics/ros2_ws/install/object_detection_node/share/object_detection_node/environment/ament_prefix_path.dsv
[0.272s] -- Symlinking: /home/abdirazak/Robotics/ros2_ws/install/object_detection_node/share/object_detection_node/environment/path.sh
[0.274s] -- Symlinking: /home/abdirazak/Robotics/ros2_ws/install/object_detection_node/share/object_detection_node/environment/path.dsv
[0.276s] -- Symlinking: /home/abdirazak/Robotics/ros2_ws/install/object_detection_node/share/object_detection_node/local_setup.bash
[0.278s] -- Symlinking: /home/abdirazak/Robotics/ros2_ws/install/object_detection_node/share/object_detection_node/local_setup.sh
[0.281s] -- Symlinking: /home/abdirazak/Robotics/ros2_ws/install/object_detection_node/share/object_detection_node/local_setup.zsh
[0.283s] -- Symlinking: /home/abdirazak/Robotics/ros2_ws/install/object_detection_node/share/object_detection_node/local_setup.dsv
[0.286s] -- Symlinking: /home/abdirazak/Robotics/ros2_ws/install/object_detection_node/share/object_detection_node/package.dsv
[0.289s] -- Symlinking: /home/abdirazak/Robotics/ros2_ws/install/object_detection_node/share/ament_index/resource_index/packages/object_detection_node
[0.291s] -- Symlinking: /home/abdirazak/Robotics/ros2_ws/install/object_detection_node/share/object_detection_node/cmake/object_detection_nodeConfig.cmake
[0.293s] -- Symlinking: /home/abdirazak/Robotics/ros2_ws/install/object_detection_node/share/object_detection_node/cmake/object_detection_nodeConfig-version.cmake
[0.296s] -- Symlinking: /home/abdirazak/Robotics/ros2_ws/install/object_detection_node/share/object_detection_node/package.xml
[0.299s] Invoked command in '/home/abdirazak/Robotics/ros2_ws/build/object_detection_node' returned '0': CMAKE_PREFIX_PATH=/opt/ros/humble /usr/bin/cmake --install /home/abdirazak/Robotics/ros2_ws/build/object_detection_node
