[0.004s] Invoking command in '/home/abdirazak/Robotics/ros2_ws/build/demo_rviz': CMAKE_PREFIX_PATH=/opt/ros/humble /usr/bin/cmake /home/abdirazak/Robotics/ros2_ws/src/demo_rviz -DAMENT_CMAKE_SYMLINK_INSTALL=1 -DCMAKE_INSTALL_PREFIX=/home/abdirazak/Robotics/ros2_ws/install/demo_rviz
[0.059s] -- The C compiler identification is GNU 11.4.0
[0.083s] -- The CXX compiler identification is GNU 11.4.0
[0.086s] -- Detecting C compiler ABI info
[0.115s] -- Detecting C compiler ABI info - done
[0.118s] -- Check for working C compiler: /usr/bin/cc - skipped
[0.118s] -- Detecting C compile features
[0.118s] -- Detecting C compile features - done
[0.124s] -- Detecting CXX compiler ABI info
[0.154s] -- Detecting CXX compiler ABI info - done
[0.158s] -- Check for working CXX compiler: /usr/bin/c++ - skipped
[0.159s] -- Detecting CXX compile features
[0.159s] -- Detecting CXX compile features - done
[0.160s] -- Found ament_cmake: 1.3.14 (/opt/ros/humble/share/ament_cmake/cmake)
[0.219s] -- Found Python3: /usr/bin/python3 (found version "3.10.12") found components: Interpreter 
[0.243s] -- Override CMake install command with custom implementation using symlinks instead of copying resources
[0.254s] -- Found rclcpp: 16.0.18 (/opt/ros/humble/share/rclcpp/cmake)
[0.270s] -- Found rosidl_generator_c: 3.1.8 (/opt/ros/humble/share/rosidl_generator_c/cmake)
[0.273s] -- Found rosidl_adapter: 3.1.8 (/opt/ros/humble/share/rosidl_adapter/cmake)
[0.277s] -- Found rosidl_generator_cpp: 3.1.8 (/opt/ros/humble/share/rosidl_generator_cpp/cmake)
[0.282s] -- Using all available rosidl_typesupport_c: rosidl_typesupport_fastrtps_c;rosidl_typesupport_introspection_c
[0.288s] -- Using all available rosidl_typesupport_cpp: rosidl_typesupport_fastrtps_cpp;rosidl_typesupport_introspection_cpp
[0.306s] -- Found rmw_implementation_cmake: 6.1.2 (/opt/ros/humble/share/rmw_implementation_cmake/cmake)
[0.307s] -- Found rmw_fastrtps_cpp: 6.2.10 (/opt/ros/humble/share/rmw_fastrtps_cpp/cmake)
[0.344s] -- Found OpenSSL: /usr/lib/aarch64-linux-gnu/libcrypto.so (found version "3.0.2")  
[0.357s] -- Found FastRTPS: /opt/ros/humble/include  
[0.377s] -- Using RMW implementation 'rmw_fastrtps_cpp' as default
[0.380s] -- Looking for pthread.h
[0.408s] -- Looking for pthread.h - found
[0.409s] -- Performing Test CMAKE_HAVE_LIBC_PTHREAD
[0.440s] -- Performing Test CMAKE_HAVE_LIBC_PTHREAD - Success
[0.441s] -- Found Threads: TRUE  
[0.462s] -- Found geometry_msgs: 4.9.1 (/opt/ros/humble/share/geometry_msgs/cmake)
[0.493s] -- Configuring done
[0.499s] -- Generating done
[0.501s] -- Build files have been written to: /home/abdirazak/Robotics/ros2_ws/build/demo_rviz
[0.505s] Invoked command in '/home/abdirazak/Robotics/ros2_ws/build/demo_rviz' returned '0': CMAKE_PREFIX_PATH=/opt/ros/humble /usr/bin/cmake /home/abdirazak/Robotics/ros2_ws/src/demo_rviz -DAMENT_CMAKE_SYMLINK_INSTALL=1 -DCMAKE_INSTALL_PREFIX=/home/abdirazak/Robotics/ros2_ws/install/demo_rviz
[0.506s] Invoking command in '/home/abdirazak/Robotics/ros2_ws/build/demo_rviz': CMAKE_PREFIX_PATH=/opt/ros/humble /usr/bin/cmake --build /home/abdirazak/Robotics/ros2_ws/build/demo_rviz -- -j4 -l4
[0.521s] [ 33%] [32mBuilding CXX object CMakeFiles/cmd_publisher.dir/src/cmd_publisher.cpp.o[0m
[0.521s] [ 33%] [32mBuilding CXX object CMakeFiles/talker.dir/src/talker.cpp.o[0m
[0.521s] [ 50%] [32mBuilding CXX object CMakeFiles/robot_node.dir/src/robot_node.cpp.o[0m
[2.366s] [ 66%] [32m[1mLinking CXX executable talker[0m
[2.398s] [ 83%] [32m[1mLinking CXX executable cmd_publisher[0m
[2.455s] [ 83%] Built target talker
[2.487s] [ 83%] Built target cmd_publisher
[3.878s] [100%] [32m[1mLinking CXX executable robot_node[0m
[4.053s] [100%] Built target robot_node
[4.057s] Invoked command in '/home/abdirazak/Robotics/ros2_ws/build/demo_rviz' returned '0': CMAKE_PREFIX_PATH=/opt/ros/humble /usr/bin/cmake --build /home/abdirazak/Robotics/ros2_ws/build/demo_rviz -- -j4 -l4
[4.057s] Invoking command in '/home/abdirazak/Robotics/ros2_ws/build/demo_rviz': CMAKE_PREFIX_PATH=/opt/ros/humble /usr/bin/cmake --install /home/abdirazak/Robotics/ros2_ws/build/demo_rviz
[4.060s] -- Install configuration: ""
[4.060s] -- Execute custom install script
[4.061s] -- Symlinking: /home/abdirazak/Robotics/ros2_ws/install/demo_rviz/lib/demo_rviz/talker
[4.063s] -- Symlinking: /home/abdirazak/Robotics/ros2_ws/install/demo_rviz/lib/demo_rviz/cmd_publisher
[4.065s] -- Symlinking: /home/abdirazak/Robotics/ros2_ws/install/demo_rviz/lib/demo_rviz/robot_node
[4.067s] -- Symlinking: /home/abdirazak/Robotics/ros2_ws/install/demo_rviz/share/ament_index/resource_index/package_run_dependencies/demo_rviz
[4.070s] -- Symlinking: /home/abdirazak/Robotics/ros2_ws/install/demo_rviz/share/ament_index/resource_index/parent_prefix_path/demo_rviz
[4.073s] -- Symlinking: /home/abdirazak/Robotics/ros2_ws/install/demo_rviz/share/demo_rviz/environment/ament_prefix_path.sh
[4.075s] -- Symlinking: /home/abdirazak/Robotics/ros2_ws/install/demo_rviz/share/demo_rviz/environment/ament_prefix_path.dsv
[4.079s] -- Symlinking: /home/abdirazak/Robotics/ros2_ws/install/demo_rviz/share/demo_rviz/environment/path.sh
[4.081s] -- Symlinking: /home/abdirazak/Robotics/ros2_ws/install/demo_rviz/share/demo_rviz/environment/path.dsv
[4.084s] -- Symlinking: /home/abdirazak/Robotics/ros2_ws/install/demo_rviz/share/demo_rviz/local_setup.bash
[4.086s] -- Symlinking: /home/abdirazak/Robotics/ros2_ws/install/demo_rviz/share/demo_rviz/local_setup.sh
[4.088s] -- Symlinking: /home/abdirazak/Robotics/ros2_ws/install/demo_rviz/share/demo_rviz/local_setup.zsh
[4.090s] -- Symlinking: /home/abdirazak/Robotics/ros2_ws/install/demo_rviz/share/demo_rviz/local_setup.dsv
[4.093s] -- Symlinking: /home/abdirazak/Robotics/ros2_ws/install/demo_rviz/share/demo_rviz/package.dsv
[4.095s] -- Symlinking: /home/abdirazak/Robotics/ros2_ws/install/demo_rviz/share/ament_index/resource_index/packages/demo_rviz
[4.098s] -- Symlinking: /home/abdirazak/Robotics/ros2_ws/install/demo_rviz/share/demo_rviz/cmake/demo_rvizConfig.cmake
[4.100s] -- Symlinking: /home/abdirazak/Robotics/ros2_ws/install/demo_rviz/share/demo_rviz/cmake/demo_rvizConfig-version.cmake
[4.102s] -- Symlinking: /home/abdirazak/Robotics/ros2_ws/install/demo_rviz/share/demo_rviz/package.xml
[4.105s] Invoked command in '/home/abdirazak/Robotics/ros2_ws/build/demo_rviz' returned '0': CMAKE_PREFIX_PATH=/opt/ros/humble /usr/bin/cmake --install /home/abdirazak/Robotics/ros2_ws/build/demo_rviz
