[0.004s] Invoking command in '/home/abdirazak/Robotics/ros2_ws/build/demo_rviz': CMAKE_PREFIX_PATH=/opt/ros/humble /usr/bin/cmake /home/abdirazak/Robotics/ros2_ws/src/demo_rviz -DAMENT_CMAKE_SYMLINK_INSTALL=1 -DCMAKE_INSTALL_PREFIX=/home/abdirazak/Robotics/ros2_ws/install/demo_rviz
[0.035s] -- The C compiler identification is GNU 11.4.0
[0.056s] -- The CXX compiler identification is GNU 11.4.0
[0.058s] -- Detecting C compiler ABI info
[0.083s] -- Detecting C compiler ABI info - done
[0.086s] -- Check for working C compiler: /usr/bin/cc - skipped
[0.086s] -- Detecting C compile features
[0.086s] -- Detecting C compile features - done
[0.088s] -- Detecting CXX compiler ABI info
[0.119s] -- Detecting CXX compiler ABI info - done
[0.122s] -- Check for working CXX compiler: /usr/bin/c++ - skipped
[0.122s] -- Detecting CXX compile features
[0.122s] -- Detecting CXX compile features - done
[0.123s] -- Found ament_cmake: 1.3.14 (/opt/ros/humble/share/ament_cmake/cmake)
[0.181s] -- Found Python3: /usr/bin/python3 (found version "3.10.12") found components: Interpreter 
[0.204s] -- Override CMake install command with custom implementation using symlinks instead of copying resources
[0.213s] -- Found rclcpp: 16.0.18 (/opt/ros/humble/share/rclcpp/cmake)
[0.231s] -- Found rosidl_generator_c: 3.1.8 (/opt/ros/humble/share/rosidl_generator_c/cmake)
[0.233s] -- Found rosidl_adapter: 3.1.8 (/opt/ros/humble/share/rosidl_adapter/cmake)
[0.236s] -- Found rosidl_generator_cpp: 3.1.8 (/opt/ros/humble/share/rosidl_generator_cpp/cmake)
[0.240s] -- Using all available rosidl_typesupport_c: rosidl_typesupport_fastrtps_c;rosidl_typesupport_introspection_c
[0.247s] -- Using all available rosidl_typesupport_cpp: rosidl_typesupport_fastrtps_cpp;rosidl_typesupport_introspection_cpp
[0.263s] -- Found rmw_implementation_cmake: 6.1.2 (/opt/ros/humble/share/rmw_implementation_cmake/cmake)
[0.264s] -- Found rmw_fastrtps_cpp: 6.2.10 (/opt/ros/humble/share/rmw_fastrtps_cpp/cmake)
[0.292s] -- Found OpenSSL: /usr/lib/aarch64-linux-gnu/libcrypto.so (found version "3.0.2")  
[0.305s] -- Found FastRTPS: /opt/ros/humble/include  
[0.325s] -- Using RMW implementation 'rmw_fastrtps_cpp' as default
[0.328s] -- Looking for pthread.h
[0.355s] -- Looking for pthread.h - found
[0.356s] -- Performing Test CMAKE_HAVE_LIBC_PTHREAD
[0.380s] -- Performing Test CMAKE_HAVE_LIBC_PTHREAD - Success
[0.380s] -- Found Threads: TRUE  
[0.427s] -- Configuring done
[0.432s] -- Generating done
[0.433s] -- Build files have been written to: /home/abdirazak/Robotics/ros2_ws/build/demo_rviz
[0.438s] Invoked command in '/home/abdirazak/Robotics/ros2_ws/build/demo_rviz' returned '0': CMAKE_PREFIX_PATH=/opt/ros/humble /usr/bin/cmake /home/abdirazak/Robotics/ros2_ws/src/demo_rviz -DAMENT_CMAKE_SYMLINK_INSTALL=1 -DCMAKE_INSTALL_PREFIX=/home/abdirazak/Robotics/ros2_ws/install/demo_rviz
[0.438s] Invoking command in '/home/abdirazak/Robotics/ros2_ws/build/demo_rviz': CMAKE_PREFIX_PATH=/opt/ros/humble /usr/bin/cmake --build /home/abdirazak/Robotics/ros2_ws/build/demo_rviz -- -j4 -l4
[0.453s] [ 50%] [32mBuilding CXX object CMakeFiles/talker.dir/src/talker.cpp.o[0m
[2.922s] [100%] [32m[1mLinking CXX executable talker[0m
[3.055s] [100%] Built target talker
[3.063s] Invoked command in '/home/abdirazak/Robotics/ros2_ws/build/demo_rviz' returned '0': CMAKE_PREFIX_PATH=/opt/ros/humble /usr/bin/cmake --build /home/abdirazak/Robotics/ros2_ws/build/demo_rviz -- -j4 -l4
[3.065s] Invoking command in '/home/abdirazak/Robotics/ros2_ws/build/demo_rviz': CMAKE_PREFIX_PATH=/opt/ros/humble /usr/bin/cmake --install /home/abdirazak/Robotics/ros2_ws/build/demo_rviz
[3.068s] -- Install configuration: ""
[3.068s] -- Execute custom install script
[3.069s] -- Symlinking: /home/abdirazak/Robotics/ros2_ws/install/demo_rviz/lib/demo_rviz/talker
[3.073s] -- Symlinking: /home/abdirazak/Robotics/ros2_ws/install/demo_rviz/share/ament_index/resource_index/package_run_dependencies/demo_rviz
[3.080s] -- Symlinking: /home/abdirazak/Robotics/ros2_ws/install/demo_rviz/share/ament_index/resource_index/parent_prefix_path/demo_rviz
[3.085s] -- Symlinking: /home/abdirazak/Robotics/ros2_ws/install/demo_rviz/share/demo_rviz/environment/ament_prefix_path.sh
[3.088s] -- Symlinking: /home/abdirazak/Robotics/ros2_ws/install/demo_rviz/share/demo_rviz/environment/ament_prefix_path.dsv
[3.090s] -- Symlinking: /home/abdirazak/Robotics/ros2_ws/install/demo_rviz/share/demo_rviz/environment/path.sh
[3.093s] -- Symlinking: /home/abdirazak/Robotics/ros2_ws/install/demo_rviz/share/demo_rviz/environment/path.dsv
[3.098s] -- Symlinking: /home/abdirazak/Robotics/ros2_ws/install/demo_rviz/share/demo_rviz/local_setup.bash
[3.104s] -- Symlinking: /home/abdirazak/Robotics/ros2_ws/install/demo_rviz/share/demo_rviz/local_setup.sh
[3.109s] -- Symlinking: /home/abdirazak/Robotics/ros2_ws/install/demo_rviz/share/demo_rviz/local_setup.zsh
[3.115s] -- Symlinking: /home/abdirazak/Robotics/ros2_ws/install/demo_rviz/share/demo_rviz/local_setup.dsv
[3.118s] -- Symlinking: /home/abdirazak/Robotics/ros2_ws/install/demo_rviz/share/demo_rviz/package.dsv
[3.122s] -- Symlinking: /home/abdirazak/Robotics/ros2_ws/install/demo_rviz/share/ament_index/resource_index/packages/demo_rviz
[3.128s] -- Symlinking: /home/abdirazak/Robotics/ros2_ws/install/demo_rviz/share/demo_rviz/cmake/demo_rvizConfig.cmake
[3.135s] -- Symlinking: /home/abdirazak/Robotics/ros2_ws/install/demo_rviz/share/demo_rviz/cmake/demo_rvizConfig-version.cmake
[3.139s] -- Symlinking: /home/abdirazak/Robotics/ros2_ws/install/demo_rviz/share/demo_rviz/package.xml
[3.147s] Invoked command in '/home/abdirazak/Robotics/ros2_ws/build/demo_rviz' returned '0': CMAKE_PREFIX_PATH=/opt/ros/humble /usr/bin/cmake --install /home/abdirazak/Robotics/ros2_ws/build/demo_rviz
