[0.041s] DEBUG:colcon:Command line arguments: ['/usr/bin/colcon', 'build', '--symlink-install']
[0.041s] DEBUG:colcon:Parsed command line arguments: Namespace(log_base=None, log_level=None, verb_name='build', build_base='build', install_base='install', merge_install=False, symlink_install=True, test_result_base=None, continue_on_error=False, executor='parallel', parallel_workers=4, event_handlers=None, ignore_user_meta=False, metas=['./colcon.meta'], base_paths=['.'], packages_ignore=None, packages_ignore_regex=None, paths=None, packages_up_to=None, packages_up_to_regex=None, packages_above=None, packages_above_and_dependencies=None, packages_above_depth=None, packages_select_by_dep=None, packages_skip_by_dep=None, packages_skip_up_to=None, packages_select_build_failed=False, packages_skip_build_finished=False, packages_select_test_failures=False, packages_skip_test_passed=False, packages_select=None, packages_skip=None, packages_select_regex=None, packages_skip_regex=None, packages_start=None, packages_end=None, allow_overriding=[], cmake_args=None, cmake_target=None, cmake_target_skip_unavailable=False, cmake_clean_cache=False, cmake_clean_first=False, cmake_force_configure=False, ament_cmake_args=None, catkin_cmake_args=None, catkin_skip_building_tests=False, verb_parser=<colcon_defaults.argument_parser.defaults.DefaultArgumentsDecorator object at 0xffffa2d23520>, verb_extension=<colcon_core.verb.build.BuildVerb object at 0xffffa2d230a0>, main=<bound method BuildVerb.main of <colcon_core.verb.build.BuildVerb object at 0xffffa2d230a0>>)
[0.094s] Level 1:colcon.colcon_core.package_discovery:discover_packages(colcon_meta) check parameters
[0.094s] Level 1:colcon.colcon_core.package_discovery:discover_packages(recursive) check parameters
[0.094s] Level 1:colcon.colcon_core.package_discovery:discover_packages(ignore) check parameters
[0.094s] Level 1:colcon.colcon_core.package_discovery:discover_packages(path) check parameters
[0.094s] Level 1:colcon.colcon_core.package_discovery:discover_packages(colcon_meta) discover
[0.094s] Level 1:colcon.colcon_core.package_discovery:discover_packages(recursive) discover
[0.094s] INFO:colcon.colcon_core.package_discovery:Crawling recursively for packages in '/home/abdirazak/Robotics/ros2_ws'
[0.094s] Level 1:colcon.colcon_core.package_identification:_identify(.) by extensions ['ignore', 'ignore_ament_install']
[0.094s] Level 1:colcon.colcon_core.package_identification:_identify(.) by extension 'ignore'
[0.094s] Level 1:colcon.colcon_core.package_identification:_identify(.) by extension 'ignore_ament_install'
[0.094s] Level 1:colcon.colcon_core.package_identification:_identify(.) by extensions ['colcon_pkg']
[0.094s] Level 1:colcon.colcon_core.package_identification:_identify(.) by extension 'colcon_pkg'
[0.094s] Level 1:colcon.colcon_core.package_identification:_identify(.) by extensions ['colcon_meta']
[0.094s] Level 1:colcon.colcon_core.package_identification:_identify(.) by extension 'colcon_meta'
[0.094s] Level 1:colcon.colcon_core.package_identification:_identify(.) by extensions ['ros']
[0.094s] Level 1:colcon.colcon_core.package_identification:_identify(.) by extension 'ros'
[0.098s] Level 1:colcon.colcon_core.package_identification:_identify(.) by extensions ['cmake', 'python']
[0.098s] Level 1:colcon.colcon_core.package_identification:_identify(.) by extension 'cmake'
[0.098s] Level 1:colcon.colcon_core.package_identification:_identify(.) by extension 'python'
[0.098s] Level 1:colcon.colcon_core.package_identification:_identify(.) by extensions ['python_setup_py']
[0.098s] Level 1:colcon.colcon_core.package_identification:_identify(.) by extension 'python_setup_py'
[0.098s] Level 1:colcon.colcon_core.package_identification:_identify(build) by extensions ['ignore', 'ignore_ament_install']
[0.098s] Level 1:colcon.colcon_core.package_identification:_identify(build) by extension 'ignore'
[0.098s] Level 1:colcon.colcon_core.package_identification:_identify(build) ignored
[0.098s] Level 1:colcon.colcon_core.package_identification:_identify(install) by extensions ['ignore', 'ignore_ament_install']
[0.098s] Level 1:colcon.colcon_core.package_identification:_identify(install) by extension 'ignore'
[0.098s] Level 1:colcon.colcon_core.package_identification:_identify(install) ignored
[0.098s] Level 1:colcon.colcon_core.package_identification:_identify(log) by extensions ['ignore', 'ignore_ament_install']
[0.098s] Level 1:colcon.colcon_core.package_identification:_identify(log) by extension 'ignore'
[0.098s] Level 1:colcon.colcon_core.package_identification:_identify(log) ignored
[0.098s] Level 1:colcon.colcon_core.package_identification:_identify(src) by extensions ['ignore', 'ignore_ament_install']
[0.098s] Level 1:colcon.colcon_core.package_identification:_identify(src) by extension 'ignore'
[0.098s] Level 1:colcon.colcon_core.package_identification:_identify(src) by extension 'ignore_ament_install'
[0.098s] Level 1:colcon.colcon_core.package_identification:_identify(src) by extensions ['colcon_pkg']
[0.098s] Level 1:colcon.colcon_core.package_identification:_identify(src) by extension 'colcon_pkg'
[0.098s] Level 1:colcon.colcon_core.package_identification:_identify(src) by extensions ['colcon_meta']
[0.098s] Level 1:colcon.colcon_core.package_identification:_identify(src) by extension 'colcon_meta'
[0.098s] Level 1:colcon.colcon_core.package_identification:_identify(src) by extensions ['ros']
[0.098s] Level 1:colcon.colcon_core.package_identification:_identify(src) by extension 'ros'
[0.098s] Level 1:colcon.colcon_core.package_identification:_identify(src) by extensions ['cmake', 'python']
[0.098s] Level 1:colcon.colcon_core.package_identification:_identify(src) by extension 'cmake'
[0.098s] Level 1:colcon.colcon_core.package_identification:_identify(src) by extension 'python'
[0.098s] Level 1:colcon.colcon_core.package_identification:_identify(src) by extensions ['python_setup_py']
[0.098s] Level 1:colcon.colcon_core.package_identification:_identify(src) by extension 'python_setup_py'
[0.098s] Level 1:colcon.colcon_core.package_identification:_identify(src/demo_rviz) by extensions ['ignore', 'ignore_ament_install']
[0.098s] Level 1:colcon.colcon_core.package_identification:_identify(src/demo_rviz) by extension 'ignore'
[0.098s] Level 1:colcon.colcon_core.package_identification:_identify(src/demo_rviz) by extension 'ignore_ament_install'
[0.098s] Level 1:colcon.colcon_core.package_identification:_identify(src/demo_rviz) by extensions ['colcon_pkg']
[0.098s] Level 1:colcon.colcon_core.package_identification:_identify(src/demo_rviz) by extension 'colcon_pkg'
[0.098s] Level 1:colcon.colcon_core.package_identification:_identify(src/demo_rviz) by extensions ['colcon_meta']
[0.098s] Level 1:colcon.colcon_core.package_identification:_identify(src/demo_rviz) by extension 'colcon_meta'
[0.098s] Level 1:colcon.colcon_core.package_identification:_identify(src/demo_rviz) by extensions ['ros']
[0.098s] Level 1:colcon.colcon_core.package_identification:_identify(src/demo_rviz) by extension 'ros'
[0.099s] DEBUG:colcon.colcon_core.package_identification:Package 'src/demo_rviz' with type 'ros.ament_cmake' and name 'demo_rviz'
[0.099s] Level 1:colcon.colcon_core.package_identification:_identify(src/object_detection_node) by extensions ['ignore', 'ignore_ament_install']
[0.099s] Level 1:colcon.colcon_core.package_identification:_identify(src/object_detection_node) by extension 'ignore'
[0.100s] Level 1:colcon.colcon_core.package_identification:_identify(src/object_detection_node) by extension 'ignore_ament_install'
[0.100s] Level 1:colcon.colcon_core.package_identification:_identify(src/object_detection_node) by extensions ['colcon_pkg']
[0.100s] Level 1:colcon.colcon_core.package_identification:_identify(src/object_detection_node) by extension 'colcon_pkg'
[0.100s] Level 1:colcon.colcon_core.package_identification:_identify(src/object_detection_node) by extensions ['colcon_meta']
[0.100s] Level 1:colcon.colcon_core.package_identification:_identify(src/object_detection_node) by extension 'colcon_meta'
[0.100s] Level 1:colcon.colcon_core.package_identification:_identify(src/object_detection_node) by extensions ['ros']
[0.100s] Level 1:colcon.colcon_core.package_identification:_identify(src/object_detection_node) by extension 'ros'
[0.100s] DEBUG:colcon.colcon_core.package_identification:Package 'src/object_detection_node' with type 'ros.ament_cmake' and name 'object_detection_node'
[0.100s] Level 1:colcon.colcon_core.package_discovery:discover_packages(recursive) using defaults
[0.100s] Level 1:colcon.colcon_core.package_discovery:discover_packages(ignore) discover
[0.100s] Level 1:colcon.colcon_core.package_discovery:discover_packages(ignore) using defaults
[0.100s] Level 1:colcon.colcon_core.package_discovery:discover_packages(path) discover
[0.100s] Level 1:colcon.colcon_core.package_discovery:discover_packages(path) using defaults
[0.107s] Level 1:colcon.colcon_core.package_discovery:discover_packages(prefix_path) check parameters
[0.107s] Level 1:colcon.colcon_core.package_discovery:discover_packages(prefix_path) discover
[0.108s] DEBUG:colcon.colcon_installed_package_information.package_discovery:Found 289 installed packages in /opt/ros/humble
[0.114s] Level 1:colcon.colcon_core.package_discovery:discover_packages(prefix_path) using defaults
[0.128s] Level 5:colcon.colcon_core.verb:set package 'demo_rviz' build argument 'cmake_args' from command line to 'None'
[0.128s] Level 5:colcon.colcon_core.verb:set package 'demo_rviz' build argument 'cmake_target' from command line to 'None'
[0.128s] Level 5:colcon.colcon_core.verb:set package 'demo_rviz' build argument 'cmake_target_skip_unavailable' from command line to 'False'
[0.128s] Level 5:colcon.colcon_core.verb:set package 'demo_rviz' build argument 'cmake_clean_cache' from command line to 'False'
[0.128s] Level 5:colcon.colcon_core.verb:set package 'demo_rviz' build argument 'cmake_clean_first' from command line to 'False'
[0.128s] Level 5:colcon.colcon_core.verb:set package 'demo_rviz' build argument 'cmake_force_configure' from command line to 'False'
[0.128s] Level 5:colcon.colcon_core.verb:set package 'demo_rviz' build argument 'ament_cmake_args' from command line to 'None'
[0.128s] Level 5:colcon.colcon_core.verb:set package 'demo_rviz' build argument 'catkin_cmake_args' from command line to 'None'
[0.128s] Level 5:colcon.colcon_core.verb:set package 'demo_rviz' build argument 'catkin_skip_building_tests' from command line to 'False'
[0.128s] DEBUG:colcon.colcon_core.verb:Building package 'demo_rviz' with the following arguments: {'ament_cmake_args': None, 'build_base': '/home/abdirazak/Robotics/ros2_ws/build/demo_rviz', 'catkin_cmake_args': None, 'catkin_skip_building_tests': False, 'cmake_args': None, 'cmake_clean_cache': False, 'cmake_clean_first': False, 'cmake_force_configure': False, 'cmake_target': None, 'cmake_target_skip_unavailable': False, 'install_base': '/home/abdirazak/Robotics/ros2_ws/install/demo_rviz', 'merge_install': False, 'path': '/home/abdirazak/Robotics/ros2_ws/src/demo_rviz', 'symlink_install': True, 'test_result_base': None}
[0.129s] Level 5:colcon.colcon_core.verb:set package 'object_detection_node' build argument 'cmake_args' from command line to 'None'
[0.129s] Level 5:colcon.colcon_core.verb:set package 'object_detection_node' build argument 'cmake_target' from command line to 'None'
[0.129s] Level 5:colcon.colcon_core.verb:set package 'object_detection_node' build argument 'cmake_target_skip_unavailable' from command line to 'False'
[0.129s] Level 5:colcon.colcon_core.verb:set package 'object_detection_node' build argument 'cmake_clean_cache' from command line to 'False'
[0.129s] Level 5:colcon.colcon_core.verb:set package 'object_detection_node' build argument 'cmake_clean_first' from command line to 'False'
[0.129s] Level 5:colcon.colcon_core.verb:set package 'object_detection_node' build argument 'cmake_force_configure' from command line to 'False'
[0.129s] Level 5:colcon.colcon_core.verb:set package 'object_detection_node' build argument 'ament_cmake_args' from command line to 'None'
[0.129s] Level 5:colcon.colcon_core.verb:set package 'object_detection_node' build argument 'catkin_cmake_args' from command line to 'None'
[0.129s] Level 5:colcon.colcon_core.verb:set package 'object_detection_node' build argument 'catkin_skip_building_tests' from command line to 'False'
[0.129s] DEBUG:colcon.colcon_core.verb:Building package 'object_detection_node' with the following arguments: {'ament_cmake_args': None, 'build_base': '/home/abdirazak/Robotics/ros2_ws/build/object_detection_node', 'catkin_cmake_args': None, 'catkin_skip_building_tests': False, 'cmake_args': None, 'cmake_clean_cache': False, 'cmake_clean_first': False, 'cmake_force_configure': False, 'cmake_target': None, 'cmake_target_skip_unavailable': False, 'install_base': '/home/abdirazak/Robotics/ros2_ws/install/object_detection_node', 'merge_install': False, 'path': '/home/abdirazak/Robotics/ros2_ws/src/object_detection_node', 'symlink_install': True, 'test_result_base': None}
[0.129s] INFO:colcon.colcon_core.executor:Executing jobs using 'parallel' executor
[0.129s] DEBUG:colcon.colcon_parallel_executor.executor.parallel:run_until_complete
[0.129s] INFO:colcon.colcon_ros.task.ament_cmake.build:Building ROS package in '/home/abdirazak/Robotics/ros2_ws/src/demo_rviz' with build type 'ament_cmake'
[0.129s] INFO:colcon.colcon_cmake.task.cmake.build:Building CMake package in '/home/abdirazak/Robotics/ros2_ws/src/demo_rviz'
[0.130s] INFO:colcon.colcon_core.plugin_system:Skipping extension 'colcon_core.shell.bat': Not used on non-Windows systems
[0.130s] INFO:colcon.colcon_core.shell:Skip shell extension 'powershell' for command environment: Not usable outside of PowerShell
[0.130s] DEBUG:colcon.colcon_core.shell:Skip shell extension 'dsv' for command environment
[0.131s] INFO:colcon.colcon_ros.task.ament_cmake.build:Building ROS package in '/home/abdirazak/Robotics/ros2_ws/src/object_detection_node' with build type 'ament_cmake'
[0.131s] INFO:colcon.colcon_cmake.task.cmake.build:Building CMake package in '/home/abdirazak/Robotics/ros2_ws/src/object_detection_node'
[0.131s] INFO:colcon.colcon_core.shell:Skip shell extension 'powershell' for command environment: Not usable outside of PowerShell
[0.131s] DEBUG:colcon.colcon_core.shell:Skip shell extension 'dsv' for command environment
[0.133s] DEBUG:colcon.colcon_core.event_handler.log_command:Invoking command in '/home/abdirazak/Robotics/ros2_ws/build/demo_rviz': CMAKE_PREFIX_PATH=/opt/ros/humble /usr/bin/cmake /home/abdirazak/Robotics/ros2_ws/src/demo_rviz -DAMENT_CMAKE_SYMLINK_INSTALL=1 -DCMAKE_INSTALL_PREFIX=/home/abdirazak/Robotics/ros2_ws/install/demo_rviz
[0.135s] DEBUG:colcon.colcon_core.event_handler.log_command:Invoking command in '/home/abdirazak/Robotics/ros2_ws/build/object_detection_node': CMAKE_PREFIX_PATH=/opt/ros/humble /usr/bin/cmake /home/abdirazak/Robotics/ros2_ws/src/object_detection_node -DAMENT_CMAKE_SYMLINK_INSTALL=1 -DCMAKE_INSTALL_PREFIX=/home/abdirazak/Robotics/ros2_ws/install/object_detection_node
[0.423s] DEBUG:colcon.colcon_core.event_handler.log_command:Invoked command in '/home/abdirazak/Robotics/ros2_ws/build/object_detection_node' returned '0': CMAKE_PREFIX_PATH=/opt/ros/humble /usr/bin/cmake /home/abdirazak/Robotics/ros2_ws/src/object_detection_node -DAMENT_CMAKE_SYMLINK_INSTALL=1 -DCMAKE_INSTALL_PREFIX=/home/abdirazak/Robotics/ros2_ws/install/object_detection_node
[0.424s] DEBUG:colcon.colcon_core.event_handler.log_command:Invoking command in '/home/abdirazak/Robotics/ros2_ws/build/object_detection_node': CMAKE_PREFIX_PATH=/opt/ros/humble /usr/bin/cmake --build /home/abdirazak/Robotics/ros2_ws/build/object_detection_node -- -j4 -l4
[0.436s] DEBUG:colcon.colcon_core.event_handler.log_command:Invoked command in '/home/abdirazak/Robotics/ros2_ws/build/object_detection_node' returned '0': CMAKE_PREFIX_PATH=/opt/ros/humble /usr/bin/cmake --build /home/abdirazak/Robotics/ros2_ws/build/object_detection_node -- -j4 -l4
[0.439s] DEBUG:colcon.colcon_core.event_handler.log_command:Invoking command in '/home/abdirazak/Robotics/ros2_ws/build/object_detection_node': CMAKE_PREFIX_PATH=/opt/ros/humble /usr/bin/cmake --install /home/abdirazak/Robotics/ros2_ws/build/object_detection_node
[0.485s] Level 1:colcon.colcon_core.environment:create_environment_scripts_only(object_detection_node)
[0.486s] DEBUG:colcon.colcon_core.event_handler.log_command:Invoked command in '/home/abdirazak/Robotics/ros2_ws/build/object_detection_node' returned '0': CMAKE_PREFIX_PATH=/opt/ros/humble /usr/bin/cmake --install /home/abdirazak/Robotics/ros2_ws/build/object_detection_node
[0.487s] Level 1:colcon.colcon_core.environment:checking '/home/abdirazak/Robotics/ros2_ws/install/object_detection_node' for CMake module files
[0.487s] Level 1:colcon.colcon_core.environment:checking '/home/abdirazak/Robotics/ros2_ws/install/object_detection_node' for CMake config files
[0.487s] Level 1:colcon.colcon_core.shell:create_environment_hook('object_detection_node', 'cmake_prefix_path')
[0.487s] INFO:colcon.colcon_core.shell:Creating environment hook '/home/abdirazak/Robotics/ros2_ws/install/object_detection_node/share/object_detection_node/hook/cmake_prefix_path.ps1'
[0.488s] INFO:colcon.colcon_core.shell:Creating environment descriptor '/home/abdirazak/Robotics/ros2_ws/install/object_detection_node/share/object_detection_node/hook/cmake_prefix_path.dsv'
[0.488s] INFO:colcon.colcon_core.shell:Creating environment hook '/home/abdirazak/Robotics/ros2_ws/install/object_detection_node/share/object_detection_node/hook/cmake_prefix_path.sh'
[0.488s] Level 1:colcon.colcon_core.environment:checking '/home/abdirazak/Robotics/ros2_ws/install/object_detection_node/bin'
[0.488s] Level 1:colcon.colcon_core.environment:checking '/home/abdirazak/Robotics/ros2_ws/install/object_detection_node/lib/pkgconfig/object_detection_node.pc'
[0.488s] Level 1:colcon.colcon_core.environment:checking '/home/abdirazak/Robotics/ros2_ws/install/object_detection_node/lib/python3.10/site-packages'
[0.489s] Level 1:colcon.colcon_core.environment:checking '/home/abdirazak/Robotics/ros2_ws/install/object_detection_node/bin'
[0.489s] INFO:colcon.colcon_core.shell:Creating package script '/home/abdirazak/Robotics/ros2_ws/install/object_detection_node/share/object_detection_node/package.ps1'
[0.489s] INFO:colcon.colcon_core.shell:Creating package descriptor '/home/abdirazak/Robotics/ros2_ws/install/object_detection_node/share/object_detection_node/package.dsv'
[0.489s] INFO:colcon.colcon_core.shell:Creating package script '/home/abdirazak/Robotics/ros2_ws/install/object_detection_node/share/object_detection_node/package.sh'
[0.490s] INFO:colcon.colcon_core.shell:Creating package script '/home/abdirazak/Robotics/ros2_ws/install/object_detection_node/share/object_detection_node/package.bash'
[0.490s] INFO:colcon.colcon_core.shell:Creating package script '/home/abdirazak/Robotics/ros2_ws/install/object_detection_node/share/object_detection_node/package.zsh'
[0.490s] Level 1:colcon.colcon_core.environment:create_file_with_runtime_dependencies(/home/abdirazak/Robotics/ros2_ws/install/object_detection_node/share/colcon-core/packages/object_detection_node)
[0.490s] Level 1:colcon.colcon_core.environment:create_environment_scripts_only(object_detection_node)
[0.490s] Level 1:colcon.colcon_core.environment:checking '/home/abdirazak/Robotics/ros2_ws/install/object_detection_node' for CMake module files
[0.490s] Level 1:colcon.colcon_core.environment:checking '/home/abdirazak/Robotics/ros2_ws/install/object_detection_node' for CMake config files
[0.491s] Level 1:colcon.colcon_core.shell:create_environment_hook('object_detection_node', 'cmake_prefix_path')
[0.491s] INFO:colcon.colcon_core.shell:Creating environment hook '/home/abdirazak/Robotics/ros2_ws/install/object_detection_node/share/object_detection_node/hook/cmake_prefix_path.ps1'
[0.491s] INFO:colcon.colcon_core.shell:Creating environment descriptor '/home/abdirazak/Robotics/ros2_ws/install/object_detection_node/share/object_detection_node/hook/cmake_prefix_path.dsv'
[0.491s] INFO:colcon.colcon_core.shell:Creating environment hook '/home/abdirazak/Robotics/ros2_ws/install/object_detection_node/share/object_detection_node/hook/cmake_prefix_path.sh'
[0.491s] Level 1:colcon.colcon_core.environment:checking '/home/abdirazak/Robotics/ros2_ws/install/object_detection_node/bin'
[0.491s] Level 1:colcon.colcon_core.environment:checking '/home/abdirazak/Robotics/ros2_ws/install/object_detection_node/lib/pkgconfig/object_detection_node.pc'
[0.491s] Level 1:colcon.colcon_core.environment:checking '/home/abdirazak/Robotics/ros2_ws/install/object_detection_node/lib/python3.10/site-packages'
[0.491s] Level 1:colcon.colcon_core.environment:checking '/home/abdirazak/Robotics/ros2_ws/install/object_detection_node/bin'
[0.491s] INFO:colcon.colcon_core.shell:Creating package script '/home/abdirazak/Robotics/ros2_ws/install/object_detection_node/share/object_detection_node/package.ps1'
[0.492s] INFO:colcon.colcon_core.shell:Creating package descriptor '/home/abdirazak/Robotics/ros2_ws/install/object_detection_node/share/object_detection_node/package.dsv'
[0.492s] INFO:colcon.colcon_core.shell:Creating package script '/home/abdirazak/Robotics/ros2_ws/install/object_detection_node/share/object_detection_node/package.sh'
[0.492s] INFO:colcon.colcon_core.shell:Creating package script '/home/abdirazak/Robotics/ros2_ws/install/object_detection_node/share/object_detection_node/package.bash'
[0.492s] INFO:colcon.colcon_core.shell:Creating package script '/home/abdirazak/Robotics/ros2_ws/install/object_detection_node/share/object_detection_node/package.zsh'
[0.492s] Level 1:colcon.colcon_core.environment:create_file_with_runtime_dependencies(/home/abdirazak/Robotics/ros2_ws/install/object_detection_node/share/colcon-core/packages/object_detection_node)
[0.635s] DEBUG:colcon.colcon_core.event_handler.log_command:Invoked command in '/home/abdirazak/Robotics/ros2_ws/build/demo_rviz' returned '0': CMAKE_PREFIX_PATH=/opt/ros/humble /usr/bin/cmake /home/abdirazak/Robotics/ros2_ws/src/demo_rviz -DAMENT_CMAKE_SYMLINK_INSTALL=1 -DCMAKE_INSTALL_PREFIX=/home/abdirazak/Robotics/ros2_ws/install/demo_rviz
[0.635s] DEBUG:colcon.colcon_core.event_handler.log_command:Invoking command in '/home/abdirazak/Robotics/ros2_ws/build/demo_rviz': CMAKE_PREFIX_PATH=/opt/ros/humble /usr/bin/cmake --build /home/abdirazak/Robotics/ros2_ws/build/demo_rviz -- -j4 -l4
[4.186s] DEBUG:colcon.colcon_core.event_handler.log_command:Invoked command in '/home/abdirazak/Robotics/ros2_ws/build/demo_rviz' returned '0': CMAKE_PREFIX_PATH=/opt/ros/humble /usr/bin/cmake --build /home/abdirazak/Robotics/ros2_ws/build/demo_rviz -- -j4 -l4
[4.187s] DEBUG:colcon.colcon_core.event_handler.log_command:Invoking command in '/home/abdirazak/Robotics/ros2_ws/build/demo_rviz': CMAKE_PREFIX_PATH=/opt/ros/humble /usr/bin/cmake --install /home/abdirazak/Robotics/ros2_ws/build/demo_rviz
[4.235s] Level 1:colcon.colcon_core.environment:create_environment_scripts_only(demo_rviz)
[4.235s] DEBUG:colcon.colcon_core.event_handler.log_command:Invoked command in '/home/abdirazak/Robotics/ros2_ws/build/demo_rviz' returned '0': CMAKE_PREFIX_PATH=/opt/ros/humble /usr/bin/cmake --install /home/abdirazak/Robotics/ros2_ws/build/demo_rviz
[4.235s] Level 1:colcon.colcon_core.environment:checking '/home/abdirazak/Robotics/ros2_ws/install/demo_rviz' for CMake module files
[4.235s] Level 1:colcon.colcon_core.environment:checking '/home/abdirazak/Robotics/ros2_ws/install/demo_rviz' for CMake config files
[4.236s] Level 1:colcon.colcon_core.shell:create_environment_hook('demo_rviz', 'cmake_prefix_path')
[4.236s] INFO:colcon.colcon_core.shell:Creating environment hook '/home/abdirazak/Robotics/ros2_ws/install/demo_rviz/share/demo_rviz/hook/cmake_prefix_path.ps1'
[4.236s] INFO:colcon.colcon_core.shell:Creating environment descriptor '/home/abdirazak/Robotics/ros2_ws/install/demo_rviz/share/demo_rviz/hook/cmake_prefix_path.dsv'
[4.236s] INFO:colcon.colcon_core.shell:Creating environment hook '/home/abdirazak/Robotics/ros2_ws/install/demo_rviz/share/demo_rviz/hook/cmake_prefix_path.sh'
[4.236s] Level 1:colcon.colcon_core.environment:checking '/home/abdirazak/Robotics/ros2_ws/install/demo_rviz/lib'
[4.236s] Level 1:colcon.colcon_core.environment:checking '/home/abdirazak/Robotics/ros2_ws/install/demo_rviz/bin'
[4.236s] Level 1:colcon.colcon_core.environment:checking '/home/abdirazak/Robotics/ros2_ws/install/demo_rviz/lib/pkgconfig/demo_rviz.pc'
[4.236s] Level 1:colcon.colcon_core.environment:checking '/home/abdirazak/Robotics/ros2_ws/install/demo_rviz/lib/python3.10/site-packages'
[4.237s] Level 1:colcon.colcon_core.environment:checking '/home/abdirazak/Robotics/ros2_ws/install/demo_rviz/bin'
[4.237s] INFO:colcon.colcon_core.shell:Creating package script '/home/abdirazak/Robotics/ros2_ws/install/demo_rviz/share/demo_rviz/package.ps1'
[4.237s] INFO:colcon.colcon_core.shell:Creating package descriptor '/home/abdirazak/Robotics/ros2_ws/install/demo_rviz/share/demo_rviz/package.dsv'
[4.237s] INFO:colcon.colcon_core.shell:Creating package script '/home/abdirazak/Robotics/ros2_ws/install/demo_rviz/share/demo_rviz/package.sh'
[4.237s] INFO:colcon.colcon_core.shell:Creating package script '/home/abdirazak/Robotics/ros2_ws/install/demo_rviz/share/demo_rviz/package.bash'
[4.237s] INFO:colcon.colcon_core.shell:Creating package script '/home/abdirazak/Robotics/ros2_ws/install/demo_rviz/share/demo_rviz/package.zsh'
[4.237s] Level 1:colcon.colcon_core.environment:create_file_with_runtime_dependencies(/home/abdirazak/Robotics/ros2_ws/install/demo_rviz/share/colcon-core/packages/demo_rviz)
[4.238s] Level 1:colcon.colcon_core.environment:create_environment_scripts_only(demo_rviz)
[4.238s] Level 1:colcon.colcon_core.environment:checking '/home/abdirazak/Robotics/ros2_ws/install/demo_rviz' for CMake module files
[4.238s] Level 1:colcon.colcon_core.environment:checking '/home/abdirazak/Robotics/ros2_ws/install/demo_rviz' for CMake config files
[4.238s] Level 1:colcon.colcon_core.shell:create_environment_hook('demo_rviz', 'cmake_prefix_path')
[4.238s] INFO:colcon.colcon_core.shell:Creating environment hook '/home/abdirazak/Robotics/ros2_ws/install/demo_rviz/share/demo_rviz/hook/cmake_prefix_path.ps1'
[4.238s] INFO:colcon.colcon_core.shell:Creating environment descriptor '/home/abdirazak/Robotics/ros2_ws/install/demo_rviz/share/demo_rviz/hook/cmake_prefix_path.dsv'
[4.238s] INFO:colcon.colcon_core.shell:Creating environment hook '/home/abdirazak/Robotics/ros2_ws/install/demo_rviz/share/demo_rviz/hook/cmake_prefix_path.sh'
[4.238s] Level 1:colcon.colcon_core.environment:checking '/home/abdirazak/Robotics/ros2_ws/install/demo_rviz/lib'
[4.238s] Level 1:colcon.colcon_core.environment:checking '/home/abdirazak/Robotics/ros2_ws/install/demo_rviz/bin'
[4.238s] Level 1:colcon.colcon_core.environment:checking '/home/abdirazak/Robotics/ros2_ws/install/demo_rviz/lib/pkgconfig/demo_rviz.pc'
[4.239s] Level 1:colcon.colcon_core.environment:checking '/home/abdirazak/Robotics/ros2_ws/install/demo_rviz/lib/python3.10/site-packages'
[4.239s] Level 1:colcon.colcon_core.environment:checking '/home/abdirazak/Robotics/ros2_ws/install/demo_rviz/bin'
[4.239s] INFO:colcon.colcon_core.shell:Creating package script '/home/abdirazak/Robotics/ros2_ws/install/demo_rviz/share/demo_rviz/package.ps1'
[4.239s] INFO:colcon.colcon_core.shell:Creating package descriptor '/home/abdirazak/Robotics/ros2_ws/install/demo_rviz/share/demo_rviz/package.dsv'
[4.239s] INFO:colcon.colcon_core.shell:Creating package script '/home/abdirazak/Robotics/ros2_ws/install/demo_rviz/share/demo_rviz/package.sh'
[4.239s] INFO:colcon.colcon_core.shell:Creating package script '/home/abdirazak/Robotics/ros2_ws/install/demo_rviz/share/demo_rviz/package.bash'
[4.239s] INFO:colcon.colcon_core.shell:Creating package script '/home/abdirazak/Robotics/ros2_ws/install/demo_rviz/share/demo_rviz/package.zsh'
[4.239s] Level 1:colcon.colcon_core.environment:create_file_with_runtime_dependencies(/home/abdirazak/Robotics/ros2_ws/install/demo_rviz/share/colcon-core/packages/demo_rviz)
[4.239s] DEBUG:colcon.colcon_parallel_executor.executor.parallel:closing loop
[4.240s] DEBUG:colcon.colcon_parallel_executor.executor.parallel:loop closed
[4.240s] DEBUG:colcon.colcon_parallel_executor.executor.parallel:run_until_complete finished with '0'
[4.240s] DEBUG:colcon.colcon_core.event_reactor:joining thread
[4.242s] INFO:colcon.colcon_core.plugin_system:Skipping extension 'colcon_notification.desktop_notification.terminal_notifier': Not used on non-Darwin systems
[4.242s] INFO:colcon.colcon_core.plugin_system:Skipping extension 'colcon_notification.desktop_notification.win32': Not used on non-Windows systems
[4.242s] INFO:colcon.colcon_notification.desktop_notification:Sending desktop notification using 'notify2'
[4.247s] DEBUG:colcon.colcon_core.event_reactor:joined thread
[4.247s] INFO:colcon.colcon_core.shell:Creating prefix script '/home/abdirazak/Robotics/ros2_ws/install/local_setup.ps1'
[4.247s] INFO:colcon.colcon_core.shell:Creating prefix util module '/home/abdirazak/Robotics/ros2_ws/install/_local_setup_util_ps1.py'
[4.248s] INFO:colcon.colcon_core.shell:Creating prefix chain script '/home/abdirazak/Robotics/ros2_ws/install/setup.ps1'
[4.248s] INFO:colcon.colcon_core.shell:Creating prefix script '/home/abdirazak/Robotics/ros2_ws/install/local_setup.sh'
[4.248s] INFO:colcon.colcon_core.shell:Creating prefix util module '/home/abdirazak/Robotics/ros2_ws/install/_local_setup_util_sh.py'
[4.248s] INFO:colcon.colcon_core.shell:Creating prefix chain script '/home/abdirazak/Robotics/ros2_ws/install/setup.sh'
[4.248s] INFO:colcon.colcon_core.shell:Creating prefix script '/home/abdirazak/Robotics/ros2_ws/install/local_setup.bash'
[4.249s] INFO:colcon.colcon_core.shell:Creating prefix chain script '/home/abdirazak/Robotics/ros2_ws/install/setup.bash'
[4.249s] INFO:colcon.colcon_core.shell:Creating prefix script '/home/abdirazak/Robotics/ros2_ws/install/local_setup.zsh'
[4.249s] INFO:colcon.colcon_core.shell:Creating prefix chain script '/home/abdirazak/Robotics/ros2_ws/install/setup.zsh'
