[0.003s] Invoking command in '/home/abdirazak/Robotics/ros2_ws/build/object_detection_node': CMAKE_PREFIX_PATH=/opt/ros/humble /usr/bin/cmake /home/abdirazak/Robotics/ros2_ws/src/object_detection_node -DAMENT_CMAKE_SYMLINK_INSTALL=1 -DCMAKE_INSTALL_PREFIX=/home/abdirazak/Robotics/ros2_ws/install/object_detection_node
[0.057s] -- The C compiler identification is GNU 11.4.0
[0.081s] -- The CXX compiler identification is GNU 11.4.0
[0.084s] -- Detecting C compiler ABI info
[0.113s] -- Detecting C compiler ABI info - done
[0.116s] -- Check for working C compiler: /usr/bin/cc - skipped
[0.116s] -- Detecting C compile features
[0.116s] -- Detecting C compile features - done
[0.122s] -- Detecting CXX compiler ABI info
[0.153s] -- Detecting CXX compiler ABI info - done
[0.157s] -- Check for working CXX compiler: /usr/bin/c++ - skipped
[0.157s] -- Detecting CXX compile features
[0.157s] -- Detecting CXX compile features - done
[0.158s] -- Found ament_cmake: 1.3.14 (/opt/ros/humble/share/ament_cmake/cmake)
[0.217s] -- Found Python3: /usr/bin/python3 (found version "3.10.12") found components: Interpreter 
[0.241s] -- Override CMake install command with custom implementation using symlinks instead of copying resources
[0.252s] -- Found ament_lint_auto: 0.12.15 (/opt/ros/humble/share/ament_lint_auto/cmake)
[0.285s] -- Added test 'lint_cmake' to check CMake code style
[0.286s] -- Added test 'xmllint' to check XML markup files
[0.286s] -- Configuring done
[0.287s] -- Generating done
[0.289s] -- Build files have been written to: /home/abdirazak/Robotics/ros2_ws/build/object_detection_node
[0.291s] Invoked command in '/home/abdirazak/Robotics/ros2_ws/build/object_detection_node' returned '0': CMAKE_PREFIX_PATH=/opt/ros/humble /usr/bin/cmake /home/abdirazak/Robotics/ros2_ws/src/object_detection_node -DAMENT_CMAKE_SYMLINK_INSTALL=1 -DCMAKE_INSTALL_PREFIX=/home/abdirazak/Robotics/ros2_ws/install/object_detection_node
[0.292s] Invoking command in '/home/abdirazak/Robotics/ros2_ws/build/object_detection_node': CMAKE_PREFIX_PATH=/opt/ros/humble /usr/bin/cmake --build /home/abdirazak/Robotics/ros2_ws/build/object_detection_node -- -j4 -l4
[0.304s] Invoked command in '/home/abdirazak/Robotics/ros2_ws/build/object_detection_node' returned '0': CMAKE_PREFIX_PATH=/opt/ros/humble /usr/bin/cmake --build /home/abdirazak/Robotics/ros2_ws/build/object_detection_node -- -j4 -l4
[0.307s] Invoking command in '/home/abdirazak/Robotics/ros2_ws/build/object_detection_node': CMAKE_PREFIX_PATH=/opt/ros/humble /usr/bin/cmake --install /home/abdirazak/Robotics/ros2_ws/build/object_detection_node
[0.311s] -- Install configuration: ""
[0.311s] -- Execute custom install script
[0.311s] -- Symlinking: /home/abdirazak/Robotics/ros2_ws/install/object_detection_node/share/ament_index/resource_index/package_run_dependencies/object_detection_node
[0.314s] -- Symlinking: /home/abdirazak/Robotics/ros2_ws/install/object_detection_node/share/ament_index/resource_index/parent_prefix_path/object_detection_node
[0.316s] -- Symlinking: /home/abdirazak/Robotics/ros2_ws/install/object_detection_node/share/object_detection_node/environment/ament_prefix_path.sh
[0.319s] -- Symlinking: /home/abdirazak/Robotics/ros2_ws/install/object_detection_node/share/object_detection_node/environment/ament_prefix_path.dsv
[0.321s] -- Symlinking: /home/abdirazak/Robotics/ros2_ws/install/object_detection_node/share/object_detection_node/environment/path.sh
[0.323s] -- Symlinking: /home/abdirazak/Robotics/ros2_ws/install/object_detection_node/share/object_detection_node/environment/path.dsv
[0.329s] -- Symlinking: /home/abdirazak/Robotics/ros2_ws/install/object_detection_node/share/object_detection_node/local_setup.bash
[0.332s] -- Symlinking: /home/abdirazak/Robotics/ros2_ws/install/object_detection_node/share/object_detection_node/local_setup.sh
[0.335s] -- Symlinking: /home/abdirazak/Robotics/ros2_ws/install/object_detection_node/share/object_detection_node/local_setup.zsh
[0.339s] -- Symlinking: /home/abdirazak/Robotics/ros2_ws/install/object_detection_node/share/object_detection_node/local_setup.dsv
[0.341s] -- Symlinking: /home/abdirazak/Robotics/ros2_ws/install/object_detection_node/share/object_detection_node/package.dsv
[0.343s] -- Symlinking: /home/abdirazak/Robotics/ros2_ws/install/object_detection_node/share/ament_index/resource_index/packages/object_detection_node
[0.346s] -- Symlinking: /home/abdirazak/Robotics/ros2_ws/install/object_detection_node/share/object_detection_node/cmake/object_detection_nodeConfig.cmake
[0.348s] -- Symlinking: /home/abdirazak/Robotics/ros2_ws/install/object_detection_node/share/object_detection_node/cmake/object_detection_nodeConfig-version.cmake
[0.351s] -- Symlinking: /home/abdirazak/Robotics/ros2_ws/install/object_detection_node/share/object_detection_node/package.xml
[0.354s] Invoked command in '/home/abdirazak/Robotics/ros2_ws/build/object_detection_node' returned '0': CMAKE_PREFIX_PATH=/opt/ros/humble /usr/bin/cmake --install /home/abdirazak/Robotics/ros2_ws/build/object_detection_node
